NOTE: Picked up JDK_JAVA_OPTIONS:  --add-opens=java.base/java.lang=ALL-UNNAMED --add-opens=java.base/java.io=ALL-UNNAMED --add-opens=java.base/java.util=ALL-UNNAMED --add-opens=java.base/java.util.concurrent=ALL-UNNAMED --add-opens=java.rmi/sun.rmi.transport=ALL-UNNAMED
18-Aug-2021 20:53:28.026 INFO [main] org.apache.catalina.startup.VersionLoggerListener.log Server version name:   Apache Tomcat/9.0.52
18-Aug-2021 20:53:28.033 INFO [main] org.apache.catalina.startup.VersionLoggerListener.log Server built:          Jul 31 2021 04:12:17 UTC
18-Aug-2021 20:53:28.033 INFO [main] org.apache.catalina.startup.VersionLoggerListener.log Server version number: 9.0.52.0
18-Aug-2021 20:53:28.033 INFO [main] org.apache.catalina.startup.VersionLoggerListener.log OS Name:               Mac OS X
18-Aug-2021 20:53:28.034 INFO [main] org.apache.catalina.startup.VersionLoggerListener.log OS Version:            10.15.6
18-Aug-2021 20:53:28.034 INFO [main] org.apache.catalina.startup.VersionLoggerListener.log Architecture:          x86_64
18-Aug-2021 20:53:28.034 INFO [main] org.apache.catalina.startup.VersionLoggerListener.log Java Home:             /Users/wespe/Library/Java/JavaVirtualMachines/openjdk-16/Contents/Home
18-Aug-2021 20:53:28.034 INFO [main] org.apache.catalina.startup.VersionLoggerListener.log JVM Version:           16+36-2231
18-Aug-2021 20:53:28.034 INFO [main] org.apache.catalina.startup.VersionLoggerListener.log JVM Vendor:            Oracle Corporation
18-Aug-2021 20:53:28.034 INFO [main] org.apache.catalina.startup.VersionLoggerListener.log CATALINA_BASE:         /Users/wespe/IdeaProjects/gb-ee-1/apache-tomcat-9.0.52
18-Aug-2021 20:53:28.034 INFO [main] org.apache.catalina.startup.VersionLoggerListener.log CATALINA_HOME:         /Users/wespe/IdeaProjects/gb-ee-1/apache-tomcat-9.0.52
18-Aug-2021 20:53:28.118 INFO [main] org.apache.catalina.startup.VersionLoggerListener.log Command line argument: --add-opens=java.base/java.lang=ALL-UNNAMED
18-Aug-2021 20:53:28.118 INFO [main] org.apache.catalina.startup.VersionLoggerListener.log Command line argument: --add-opens=java.base/java.io=ALL-UNNAMED
18-Aug-2021 20:53:28.119 INFO [main] org.apache.catalina.startup.VersionLoggerListener.log Command line argument: --add-opens=java.base/java.util=ALL-UNNAMED
18-Aug-2021 20:53:28.119 INFO [main] org.apache.catalina.startup.VersionLoggerListener.log Command line argument: --add-opens=java.base/java.util.concurrent=ALL-UNNAMED
18-Aug-2021 20:53:28.119 INFO [main] org.apache.catalina.startup.VersionLoggerListener.log Command line argument: --add-opens=java.rmi/sun.rmi.transport=ALL-UNNAMED
18-Aug-2021 20:53:28.119 INFO [main] org.apache.catalina.startup.VersionLoggerListener.log Command line argument: -Djava.util.logging.config.file=/Users/wespe/IdeaProjects/gb-ee-1/apache-tomcat-9.0.52/conf/logging.properties
18-Aug-2021 20:53:28.119 INFO [main] org.apache.catalina.startup.VersionLoggerListener.log Command line argument: -Djava.util.logging.manager=org.apache.juli.ClassLoaderLogManager
18-Aug-2021 20:53:28.119 INFO [main] org.apache.catalina.startup.VersionLoggerListener.log Command line argument: -Djdk.tls.ephemeralDHKeySize=2048
18-Aug-2021 20:53:28.120 INFO [main] org.apache.catalina.startup.VersionLoggerListener.log Command line argument: -Djava.protocol.handler.pkgs=org.apache.catalina.webresources
18-Aug-2021 20:53:28.120 INFO [main] org.apache.catalina.startup.VersionLoggerListener.log Command line argument: -Dorg.apache.catalina.security.SecurityListener.UMASK=0027
18-Aug-2021 20:53:28.120 INFO [main] org.apache.catalina.startup.VersionLoggerListener.log Command line argument: -Dignore.endorsed.dirs=
18-Aug-2021 20:53:28.120 INFO [main] org.apache.catalina.startup.VersionLoggerListener.log Command line argument: -Dcatalina.base=/Users/wespe/IdeaProjects/gb-ee-1/apache-tomcat-9.0.52
18-Aug-2021 20:53:28.120 INFO [main] org.apache.catalina.startup.VersionLoggerListener.log Command line argument: -Dcatalina.home=/Users/wespe/IdeaProjects/gb-ee-1/apache-tomcat-9.0.52
18-Aug-2021 20:53:28.120 INFO [main] org.apache.catalina.startup.VersionLoggerListener.log Command line argument: -Djava.io.tmpdir=/Users/wespe/IdeaProjects/gb-ee-1/apache-tomcat-9.0.52/temp
18-Aug-2021 20:53:28.122 INFO [main] org.apache.catalina.core.AprLifecycleListener.lifecycleEvent The Apache Tomcat Native library which allows using OpenSSL was not found on the java.library.path: [/Users/wespe/Library/Java/Extensions:/Library/Java/Extensions:/Network/Library/Java/Extensions:/System/Library/Java/Extensions:/usr/lib/java:.]
18-Aug-2021 20:53:28.750 INFO [main] org.apache.coyote.AbstractProtocol.init Initializing ProtocolHandler ["http-nio-8080"]
18-Aug-2021 20:53:28.874 INFO [main] org.apache.catalina.startup.Catalina.load Server initialization in [1230] milliseconds
18-Aug-2021 20:53:28.948 INFO [main] org.apache.catalina.core.StandardService.startInternal Starting service [Catalina]
18-Aug-2021 20:53:28.948 INFO [main] org.apache.catalina.core.StandardEngine.startInternal Starting Servlet engine: [Apache Tomcat/9.0.52]
18-Aug-2021 20:53:28.958 INFO [main] org.apache.catalina.startup.HostConfig.deployDirectory Deploying web application directory [/Users/wespe/IdeaProjects/gb-ee-1/apache-tomcat-9.0.52/webapps/docs]
18-Aug-2021 20:53:29.315 INFO [main] org.apache.catalina.startup.HostConfig.deployDirectory Deployment of web application directory [/Users/wespe/IdeaProjects/gb-ee-1/apache-tomcat-9.0.52/webapps/docs] has finished in [356] ms
18-Aug-2021 20:53:29.315 INFO [main] org.apache.catalina.startup.HostConfig.deployDirectory Deploying web application directory [/Users/wespe/IdeaProjects/gb-ee-1/apache-tomcat-9.0.52/webapps/manager]
18-Aug-2021 20:53:29.363 INFO [main] org.apache.catalina.startup.HostConfig.deployDirectory Deployment of web application directory [/Users/wespe/IdeaProjects/gb-ee-1/apache-tomcat-9.0.52/webapps/manager] has finished in [48] ms
18-Aug-2021 20:53:29.364 INFO [main] org.apache.catalina.startup.HostConfig.deployDirectory Deploying web application directory [/Users/wespe/IdeaProjects/gb-ee-1/apache-tomcat-9.0.52/webapps/examples]
18-Aug-2021 20:53:29.621 SEVERE [main] org.apache.catalina.startup.HostConfig.deployDirectory Error deploying web application directory [/Users/wespe/IdeaProjects/gb-ee-1/apache-tomcat-9.0.52/webapps/examples]
	java.lang.IllegalStateException: Error starting child
		at org.apache.catalina.core.ContainerBase.addChildInternal(ContainerBase.java:729)
		at org.apache.catalina.core.ContainerBase.addChild(ContainerBase.java:698)
		at org.apache.catalina.core.StandardHost.addChild(StandardHost.java:696)
		at org.apache.catalina.startup.HostConfig.deployDirectory(HostConfig.java:1185)
		at org.apache.catalina.startup.HostConfig$DeployDirectory.run(HostConfig.java:1933)
		at java.base/java.util.concurrent.Executors$RunnableAdapter.call(Executors.java:515)
		at java.base/java.util.concurrent.FutureTask.run(FutureTask.java:264)
		at org.apache.tomcat.util.threads.InlineExecutorService.execute(InlineExecutorService.java:75)
		at java.base/java.util.concurrent.AbstractExecutorService.submit(AbstractExecutorService.java:123)
		at org.apache.catalina.startup.HostConfig.deployDirectories(HostConfig.java:1095)
		at org.apache.catalina.startup.HostConfig.deployApps(HostConfig.java:477)
		at org.apache.catalina.startup.HostConfig.start(HostConfig.java:1618)
		at org.apache.catalina.startup.HostConfig.lifecycleEvent(HostConfig.java:319)
		at org.apache.catalina.util.LifecycleBase.fireLifecycleEvent(LifecycleBase.java:123)
		at org.apache.catalina.util.LifecycleBase.setStateInternal(LifecycleBase.java:423)
		at org.apache.catalina.util.LifecycleBase.setState(LifecycleBase.java:366)
		at org.apache.catalina.core.ContainerBase.startInternal(ContainerBase.java:946)
		at org.apache.catalina.core.StandardHost.startInternal(StandardHost.java:835)
		at org.apache.catalina.util.LifecycleBase.start(LifecycleBase.java:183)
		at org.apache.catalina.core.ContainerBase$StartChild.call(ContainerBase.java:1396)
		at org.apache.catalina.core.ContainerBase$StartChild.call(ContainerBase.java:1386)
		at java.base/java.util.concurrent.FutureTask.run(FutureTask.java:264)
		at org.apache.tomcat.util.threads.InlineExecutorService.execute(InlineExecutorService.java:75)
		at java.base/java.util.concurrent.AbstractExecutorService.submit(AbstractExecutorService.java:145)
		at org.apache.catalina.core.ContainerBase.startInternal(ContainerBase.java:919)
		at org.apache.catalina.core.StandardEngine.startInternal(StandardEngine.java:263)
		at org.apache.catalina.util.LifecycleBase.start(LifecycleBase.java:183)
		at org.apache.catalina.core.StandardService.startInternal(StandardService.java:432)
		at org.apache.catalina.util.LifecycleBase.start(LifecycleBase.java:183)
		at org.apache.catalina.core.StandardServer.startInternal(StandardServer.java:927)
		at org.apache.catalina.util.LifecycleBase.start(LifecycleBase.java:183)
		at org.apache.catalina.startup.Catalina.start(Catalina.java:772)
		at java.base/jdk.internal.reflect.NativeMethodAccessorImpl.invoke0(Native Method)
		at java.base/jdk.internal.reflect.NativeMethodAccessorImpl.invoke(NativeMethodAccessorImpl.java:78)
		at java.base/jdk.internal.reflect.DelegatingMethodAccessorImpl.invoke(DelegatingMethodAccessorImpl.java:43)
		at java.base/java.lang.reflect.Method.invoke(Method.java:567)
		at org.apache.catalina.startup.Bootstrap.start(Bootstrap.java:345)
		at org.apache.catalina.startup.Bootstrap.main(Bootstrap.java:476)
	Caused by: org.apache.catalina.LifecycleException: Failed to start component [StandardEngine[Catalina].StandardHost[localhost].StandardContext[/examples]]
		at org.apache.catalina.util.LifecycleBase.handleSubClassException(LifecycleBase.java:440)
		at org.apache.catalina.util.LifecycleBase.start(LifecycleBase.java:198)
		at org.apache.catalina.core.ContainerBase.addChildInternal(ContainerBase.java:726)
		... 37 more
	Caused by: java.lang.NoClassDefFoundError: websocket/drawboard/Room$Player
		at java.base/java.lang.Class.getDeclaredMethods0(Native Method)
		at java.base/java.lang.Class.privateGetDeclaredMethods(Class.java:3334)
		at java.base/java.lang.Class.getDeclaredMethods(Class.java:2446)
		at org.apache.tomcat.websocket.pojo.PojoMethodMapping.<init>(PojoMethodMapping.java:115)
		at org.apache.tomcat.websocket.server.WsServerContainer.addEndpoint(WsServerContainer.java:155)
		at org.apache.tomcat.websocket.server.WsServerContainer.addEndpoint(WsServerContainer.java:129)
		at org.apache.tomcat.websocket.server.WsSci.onStartup(WsSci.java:122)
		at org.apache.catalina.core.StandardContext.startInternal(StandardContext.java:5219)
		at org.apache.catalina.util.LifecycleBase.start(LifecycleBase.java:183)
		... 38 more
	Caused by: java.lang.ClassNotFoundException: websocket.drawboard.Room$Player
		at org.apache.catalina.loader.WebappClassLoaderBase.loadClass(WebappClassLoaderBase.java:1407)
		at org.apache.catalina.loader.WebappClassLoaderBase.loadClass(WebappClassLoaderBase.java:1215)
		... 47 more
18-Aug-2021 20:53:29.624 INFO [main] org.apache.catalina.startup.HostConfig.deployDirectory Deployment of web application directory [/Users/wespe/IdeaProjects/gb-ee-1/apache-tomcat-9.0.52/webapps/examples] has finished in [260] ms
18-Aug-2021 20:53:29.625 INFO [main] org.apache.catalina.startup.HostConfig.deployDirectory Deploying web application directory [/Users/wespe/IdeaProjects/gb-ee-1/apache-tomcat-9.0.52/webapps/ROOT]
18-Aug-2021 20:53:29.659 INFO [main] org.apache.catalina.startup.HostConfig.deployDirectory Deployment of web application directory [/Users/wespe/IdeaProjects/gb-ee-1/apache-tomcat-9.0.52/webapps/ROOT] has finished in [35] ms
18-Aug-2021 20:53:29.660 INFO [main] org.apache.catalina.startup.HostConfig.deployDirectory Deploying web application directory [/Users/wespe/IdeaProjects/gb-ee-1/apache-tomcat-9.0.52/webapps/host-manager]
18-Aug-2021 20:53:29.701 INFO [main] org.apache.catalina.startup.HostConfig.deployDirectory Deployment of web application directory [/Users/wespe/IdeaProjects/gb-ee-1/apache-tomcat-9.0.52/webapps/host-manager] has finished in [41] ms
18-Aug-2021 20:53:29.706 INFO [main] org.apache.coyote.AbstractProtocol.start Starting ProtocolHandler ["http-nio-8080"]
18-Aug-2021 20:53:29.747 INFO [main] org.apache.catalina.startup.Catalina.start Server startup in [872] milliseconds
18-Aug-2021 20:55:27.799 INFO [main] org.apache.catalina.core.StandardServer.await A valid shutdown command was received via the shutdown port. Stopping the Server instance.
18-Aug-2021 20:55:27.800 INFO [main] org.apache.coyote.AbstractProtocol.pause Pausing ProtocolHandler ["http-nio-8080"]
18-Aug-2021 20:55:27.804 INFO [main] org.apache.catalina.core.StandardService.stopInternal Stopping service [Catalina]
18-Aug-2021 20:55:27.829 INFO [main] org.apache.coyote.AbstractProtocol.stop Stopping ProtocolHandler ["http-nio-8080"]
18-Aug-2021 20:55:27.867 INFO [main] org.apache.coyote.AbstractProtocol.destroy Destroying ProtocolHandler ["http-nio-8080"]
